<?xml version="1.0" encoding="UTF-8"?>
<!-- Generated by org.testng.reporters.JUnitXMLReporter -->
<testsuite ignored="0" hostname="LIN-PF1PC2DN" failures="0" tests="4" name="methods" time="8.009" errors="0" timestamp="2024-05-21T16:45:25 IST">
  <testcase classname="com.Testng.ExcelReaderTest2" name="addData" time="3.737"/>
  <testcase classname="com.Testng.ExcelReaderTest2" name="addData" time="0.511"/>
  <testcase classname="com.Testng.ExcelReaderTest2" name="addData" time="0.536"/>
  <testcase classname="com.Testng.ExcelReaderTest2" name="addData" time="0.584"/>
</testsuite> <!-- methods -->
