<?xml version="1.0" encoding="UTF-8"?>
<!-- Generated by org.testng.reporters.JUnitXMLReporter -->
<testsuite ignored="3" hostname="LIN-PF1PC2DN" failures="0" tests="2" name="Test2" time="0.793" errors="0" timestamp="2024-05-17T17:30:14 IST">
  <testcase classname="com.restasuured.RestAssured.GetUserListTest1" name="getData" time="0.327"/>
  <testcase classname="com.restasuured.RestAssured.GetUserListTest1" name="addData" time="0.456"/>
  <testcase classname="com.restasuured.RestAssured.GetUserListTest1" name="deleteData" time="0.0">
    <ignored/>
  </testcase> <!-- deleteData -->
  <testcase classname="com.restasuured.RestAssured.GetUserListTest1" name="putData" time="0.0">
    <ignored/>
  </testcase> <!-- putData -->
  <testcase classname="com.restasuured.RestAssured.GetUserListTest1" name="patchData" time="0.0">
    <ignored/>
  </testcase> <!-- patchData -->
</testsuite> <!-- Test2 -->
