<?xml version="1.0" encoding="UTF-8"?>
<testng-results ignored="0" total="3" passed="3" failed="0" skipped="0">
  <reporter-output>
  </reporter-output>
  <suite started-at="2024-05-28T09:48:05 IST" name="Default suite" finished-at="2024-05-28T09:48:08 IST" duration-ms="3000">
    <groups>
      <group name="cucumber">
        <method signature="AbstractTestNGCucumberTests.runScenario(io.cucumber.testng.PickleWrapper,io.cucumber.testng.FeatureWrapper)[pri:0, instance:TestRunner.RunnerForAdd@2b30a42c]" name="runScenario" class="io.cucumber.testng.AbstractTestNGCucumberTests"/>
      </group> <!-- cucumber -->
    </groups>
    <test started-at="2024-05-28T09:48:05 IST" name="Default test" finished-at="2024-05-28T09:48:08 IST" duration-ms="3000">
      <class name="TestRunner.RunnerForAdd">
        <test-method is-config="true" signature="setUpClass(org.testng.ITestContext)[pri:0, instance:TestRunner.RunnerForAdd@2b30a42c]" started-at="2024-05-28T09:48:05 IST" name="setUpClass" finished-at="2024-05-28T09:48:07 IST" duration-ms="1370" status="PASS">
          <params>
            <param index="0">
              <value>
                <![CDATA[org.testng.TestRunner@7f5b9db]]>
              </value>
            </param>
          </params>
          <reporter-output>
          </reporter-output>
        </test-method> <!-- setUpClass -->
        <test-method signature="runScenario(io.cucumber.testng.PickleWrapper,io.cucumber.testng.FeatureWrapper)[pri:0, instance:TestRunner.RunnerForAdd@2b30a42c]" started-at="2024-05-28T09:48:07 IST" name="runScenario" description="Runs Cucumber Scenarios" data-provider="scenarios" finished-at="2024-05-28T09:48:07 IST" duration-ms="297" status="PASS">
          <params>
            <param index="0">
              <value>
                <![CDATA["Updating user details"]]>
              </value>
            </param>
            <param index="1">
              <value>
                <![CDATA["Adding the users to the list."]]>
              </value>
            </param>
          </params>
          <reporter-output>
          </reporter-output>
        </test-method> <!-- runScenario -->
        <test-method signature="runScenario(io.cucumber.testng.PickleWrapper,io.cucumber.testng.FeatureWrapper)[pri:0, instance:TestRunner.RunnerForAdd@2b30a42c]" started-at="2024-05-28T09:48:07 IST" name="runScenario" description="Runs Cucumber Scenarios" data-provider="scenarios" finished-at="2024-05-28T09:48:07 IST" duration-ms="20" status="PASS">
          <params>
            <param index="0">
              <value>
                <![CDATA["Add user"]]>
              </value>
            </param>
            <param index="1">
              <value>
                <![CDATA["Adding the users to the list."]]>
              </value>
            </param>
          </params>
          <reporter-output>
          </reporter-output>
        </test-method> <!-- runScenario -->
        <test-method signature="runScenario(io.cucumber.testng.PickleWrapper,io.cucumber.testng.FeatureWrapper)[pri:0, instance:TestRunner.RunnerForAdd@2b30a42c]" started-at="2024-05-28T09:48:07 IST" name="runScenario" description="Runs Cucumber Scenarios" data-provider="scenarios" finished-at="2024-05-28T09:48:07 IST" duration-ms="13" status="PASS">
          <params>
            <param index="0">
              <value>
                <![CDATA["Add user"]]>
              </value>
            </param>
            <param index="1">
              <value>
                <![CDATA["Adding the users to the list."]]>
              </value>
            </param>
          </params>
          <reporter-output>
          </reporter-output>
        </test-method> <!-- runScenario -->
        <test-method is-config="true" signature="tearDownClass()[pri:0, instance:TestRunner.RunnerForAdd@2b30a42c]" started-at="2024-05-28T09:48:07 IST" name="tearDownClass" finished-at="2024-05-28T09:48:08 IST" duration-ms="1222" status="PASS">
          <reporter-output>
          </reporter-output>
        </test-method> <!-- tearDownClass -->
      </class> <!-- TestRunner.RunnerForAdd -->
    </test> <!-- Default test -->
  </suite> <!-- Default suite -->
</testng-results>
